<?xml version="1.0" encoding="UTF-8"?>
<!-- Generated by org.testng.reporters.JUnitReportReporter -->
<testsuite hostname="LAPTOP-QP4CB2HR" failures="0" tests="2" name="VTiger.practise.ContactModule" time="58.751" errors="0" timestamp="2023-07-12T16:46:05 IST" skipped="0">
  <testcase classname="VTiger.practise.ContactModule" name="CreateContactWithOrganization" time="37.491"/>
  <system-out/>
  <testcase classname="VTiger.practise.ContactModule" name="CreateContacts" time="21.260"/>
  <system-out/>
</testsuite> <!-- VTiger.practise.ContactModule -->
