<?xml version="1.0" encoding="UTF-8"?>
<!-- Generated by org.testng.reporters.JUnitReportReporter -->
<testsuite hostname="LAPTOP-QP4CB2HR" failures="0" tests="2" name="VTiger.OrganizationsTests.CreateNewOrganizationTest" time="69.322" errors="0" timestamp="2023-07-21T19:40:57 IST" skipped="0">
  <testcase classname="VTiger.OrganizationsTests.CreateNewOrganizationTest" name="createNewOrgTest" time="21.611"/>
  <system-out/>
  <testcase classname="VTiger.OrganizationsTests.CreateNewOrganizationTest" name="createNewOrgTest" time="47.711"/>
  <system-out/>
</testsuite> <!-- VTiger.OrganizationsTests.CreateNewOrganizationTest -->
