<?xml version="1.0" encoding="UTF-8"?>
<!-- Generated by org.testng.reporters.JUnitReportReporter -->
<testsuite hostname="LAPTOP-QP4CB2HR" failures="0" tests="2" name="VTiger.practise.CampaignsModule" time="52.042" errors="0" timestamp="2023-07-12T16:46:05 IST" skipped="0">
  <testcase classname="VTiger.practise.CampaignsModule" name="createCampaign" time="19.736"/>
  <system-out/>
  <testcase classname="VTiger.practise.CampaignsModule" name="CreateCampaignWithProduct" time="32.306"/>
  <system-out/>
</testsuite> <!-- VTiger.practise.CampaignsModule -->
