<?xml version="1.0" encoding="UTF-8"?>
<!-- Generated by org.testng.reporters.JUnitReportReporter -->
<testsuite hostname="LAPTOP-QP4CB2HR" failures="0" tests="1" name="VTiger.OrganizationsTests.CreateOrganizationWithIndustryAndTypeTest" time="21.385" errors="0" timestamp="2023-07-21T19:40:57 IST" skipped="0">
  <testcase classname="VTiger.OrganizationsTests.CreateOrganizationWithIndustryAndTypeTest" name="createOrgWithIndustryAndTypeTest" time="21.385"/>
  <system-out/>
</testsuite> <!-- VTiger.OrganizationsTests.CreateOrganizationWithIndustryAndTypeTest -->
