<?xml version="1.0" encoding="UTF-8"?>
<!-- Generated by org.testng.reporters.JUnitReportReporter -->
<testsuite hostname="LAPTOP-QP4CB2HR" failures="0" tests="3" name="VTiger.practise.OrganizationMadule" time="60.840" errors="0" timestamp="2023-07-10T10:50:22 IST" skipped="0">
  <testcase classname="VTiger.practise.OrganizationMadule" name="CreateOrganizationWithIndustryAndType" time="19.212"/>
  <system-out/>
  <testcase classname="VTiger.practise.OrganizationMadule" name="CreateOrganizationWithIndustry" time="20.302"/>
  <system-out/>
  <testcase classname="VTiger.practise.OrganizationMadule" name="createOrganization" time="21.326"/>
  <system-out/>
</testsuite> <!-- VTiger.practise.OrganizationMadule -->
