<?xml version="1.0" encoding="UTF-8"?>
<!-- Generated by org.testng.reporters.JUnitReportReporter -->
<testsuite hostname="LAPTOP-QP4CB2HR" failures="0" tests="2" name="VTiger.practise.VendorsModule" time="39.145" errors="0" timestamp="2023-07-12T16:46:05 IST" skipped="0">
  <testcase classname="VTiger.practise.VendorsModule" name="CreateVendorWithGLAccount" time="19.668"/>
  <system-out/>
  <testcase classname="VTiger.practise.VendorsModule" name="createVendor" time="19.477"/>
  <system-out/>
</testsuite> <!-- VTiger.practise.VendorsModule -->
