<?xml version="1.0" encoding="UTF-8"?>
<!-- Generated by org.testng.reporters.JUnitReportReporter -->
<testsuite hostname="LAPTOP-QP4CB2HR" failures="0" tests="1" name="VTiger.OrganizationsTests.CreateOrganizationWithIndustryTest" time="21.054" errors="0" timestamp="2023-07-21T19:40:57 IST" skipped="0">
  <testcase classname="VTiger.OrganizationsTests.CreateOrganizationWithIndustryTest" name="createOrgWithIndustry" time="21.054"/>
  <system-out/>
</testsuite> <!-- VTiger.OrganizationsTests.CreateOrganizationWithIndustryTest -->
