<?xml version="1.0" encoding="UTF-8"?>
<!-- Generated by org.testng.reporters.JUnitReportReporter -->
<testsuite hostname="LAPTOP-QP4CB2HR" failures="0" tests="5" name="VTiger.OrganizationsTests.CreateMultipleOrgWithIndustry" time="107.834" errors="0" timestamp="2023-07-21T19:40:57 IST" skipped="0">
  <testcase classname="VTiger.OrganizationsTests.CreateMultipleOrgWithIndustry" name="createMultipleOrgWithIndustryTest" time="21.398"/>
  <system-out/>
  <testcase classname="VTiger.OrganizationsTests.CreateMultipleOrgWithIndustry" name="createMultipleOrgWithIndustryTest" time="22.444"/>
  <system-out/>
  <testcase classname="VTiger.OrganizationsTests.CreateMultipleOrgWithIndustry" name="createMultipleOrgWithIndustryTest" time="21.481"/>
  <system-out/>
  <testcase classname="VTiger.OrganizationsTests.CreateMultipleOrgWithIndustry" name="createMultipleOrgWithIndustryTest" time="21.172"/>
  <system-out/>
  <testcase classname="VTiger.OrganizationsTests.CreateMultipleOrgWithIndustry" name="createMultipleOrgWithIndustryTest" time="21.339"/>
  <system-out/>
</testsuite> <!-- VTiger.OrganizationsTests.CreateMultipleOrgWithIndustry -->
