<?xml version="1.0" encoding="UTF-8"?>
<!-- Generated by org.testng.reporters.JUnitReportReporter -->
<testsuite hostname="LAPTOP-QP4CB2HR" failures="0" tests="1" name="VTiger.ContactsTests.CreateNewContactTest" time="23.926" errors="0" timestamp="2023-08-08T19:46:56 IST" skipped="0">
  <testcase classname="VTiger.ContactsTests.CreateNewContactTest" name="createNewContactTest" time="23.926"/>
  <system-out>
    <![CDATA[Clicked on contact
Clicked on Create contact look Up Image
Contact created
Test Pass]]>
  </system-out>
</testsuite> <!-- VTiger.ContactsTests.CreateNewContactTest -->
