<?xml version="1.0" encoding="UTF-8"?>
<!-- Generated by org.testng.reporters.JUnitReportReporter -->
<testsuite hostname="LAPTOP-QP4CB2HR" failures="0" tests="2" name="VTiger.practise.ProductsModule" time="49.531" errors="0" timestamp="2023-07-12T16:46:05 IST" skipped="0">
  <testcase classname="VTiger.practise.ProductsModule" name="createProductWithVendorAndGLAccountDropDown" time="29.782"/>
  <system-out/>
  <testcase classname="VTiger.practise.ProductsModule" name="createProduct" time="19.749"/>
  <system-out/>
</testsuite> <!-- VTiger.practise.ProductsModule -->
