<?xml version="1.0" encoding="UTF-8"?>
<!-- Generated by org.testng.reporters.JUnitReportReporter -->
<testsuite hostname="LAPTOP-QP4CB2HR" failures="0" tests="2" name="VTiger.practise.OpportunityModule" time="65.198" errors="0" timestamp="2023-07-12T16:46:05 IST" skipped="0">
  <testcase classname="VTiger.practise.OpportunityModule" name="createOpportunityWithOrganizations" time="31.879"/>
  <system-out/>
  <testcase classname="VTiger.practise.OpportunityModule" name="createOpportunityWithContact" time="33.319"/>
  <system-out/>
</testsuite> <!-- VTiger.practise.OpportunityModule -->
