<?xml version="1.0" encoding="UTF-8"?>
<!-- Generated by org.testng.reporters.JUnitReportReporter -->
<testsuite hostname="LAPTOP-QP4CB2HR" failures="0" tests="1" name="VTiger.OrganizationsTests.CreateNewOrganizationTest" time="22.205" errors="0" timestamp="2023-08-08T21:05:23 IST" skipped="0">
  <testcase classname="VTiger.OrganizationsTests.CreateNewOrganizationTest" name="createNewOrgTest" time="22.205"/>
  <system-out/>
</testsuite> <!-- VTiger.OrganizationsTests.CreateNewOrganizationTest -->
