<?xml version="1.0" encoding="UTF-8"?>
<!-- Generated by org.testng.reporters.JUnitReportReporter -->
<testsuite hostname="LAPTOP-QP4CB2HR" failures="0" tests="1" name="VTiger.ContactsTests.CreateContactWithOrganizationTest" time="20.305" errors="0" timestamp="2023-07-27T21:12:14 IST" skipped="0">
  <testcase classname="VTiger.ContactsTests.CreateContactWithOrganizationTest" name="createContactWithOrganizationTest" time="20.305"/>
  <system-out/>
</testsuite> <!-- VTiger.ContactsTests.CreateContactWithOrganizationTest -->
