<?xml version="1.0" encoding="UTF-8"?>
<!-- Generated by org.testng.reporters.JUnitReportReporter -->
<testsuite hostname="LAPTOP-QP4CB2HR" failures="0" tests="1" name="VTiger.OrganizationsTests.CreateOrganizationWithIndustryAndTypeTest" time="21.019" errors="0" timestamp="2023-08-02T19:56:21 IST" skipped="0">
  <testcase classname="VTiger.OrganizationsTests.CreateOrganizationWithIndustryAndTypeTest" name="createOrgWithIndustryAndTypeTest" time="21.019"/>
  <system-out/>
</testsuite> <!-- VTiger.OrganizationsTests.CreateOrganizationWithIndustryAndTypeTest -->
