<?xml version="1.0" encoding="UTF-8"?>
<!-- Generated by org.testng.reporters.JUnitReportReporter -->
<testsuite hostname="LAPTOP-QP4CB2HR" failures="0" tests="5" name="VTiger.OrganizationsTests.CreateMultipleOrgWithIndustryTest" time="103.280" errors="0" timestamp="2023-08-02T19:56:21 IST" skipped="0">
  <testcase classname="VTiger.OrganizationsTests.CreateMultipleOrgWithIndustryTest" name="createMultipleOrgWithIndustryTest" time="19.893"/>
  <system-out/>
  <testcase classname="VTiger.OrganizationsTests.CreateMultipleOrgWithIndustryTest" name="createMultipleOrgWithIndustryTest" time="21.073"/>
  <system-out/>
  <testcase classname="VTiger.OrganizationsTests.CreateMultipleOrgWithIndustryTest" name="createMultipleOrgWithIndustryTest" time="20.674"/>
  <system-out/>
  <testcase classname="VTiger.OrganizationsTests.CreateMultipleOrgWithIndustryTest" name="createMultipleOrgWithIndustryTest" time="20.594"/>
  <system-out/>
  <testcase classname="VTiger.OrganizationsTests.CreateMultipleOrgWithIndustryTest" name="createMultipleOrgWithIndustryTest" time="21.046"/>
  <system-out/>
</testsuite> <!-- VTiger.OrganizationsTests.CreateMultipleOrgWithIndustryTest -->
