<?xml version="1.0" encoding="UTF-8"?>
<!-- Generated by org.testng.reporters.JUnitReportReporter -->
<testsuite hostname="LAPTOP-QP4CB2HR" failures="0" tests="2" name="VTiger.OrganizationsTests.CreateNewOrganizationTest" time="42.312" errors="0" timestamp="2023-08-02T19:56:21 IST" skipped="0">
  <testcase classname="VTiger.OrganizationsTests.CreateNewOrganizationTest" name="createNewOrgTest" time="22.061"/>
  <system-out/>
  <testcase classname="VTiger.OrganizationsTests.CreateNewOrganizationTest" name="createNewOrgTest" time="20.251"/>
  <system-out/>
</testsuite> <!-- VTiger.OrganizationsTests.CreateNewOrganizationTest -->
