<?xml version="1.0" encoding="UTF-8"?>
<!-- Generated by org.testng.reporters.JUnitReportReporter -->
<testsuite hostname="LAPTOP-QP4CB2HR" failures="0" tests="1" name="VTiger.ContactsTests.CreateContactWithOrganizationTest" time="34.658" errors="0" timestamp="2023-08-02T19:51:30 IST" skipped="0">
  <testcase classname="VTiger.ContactsTests.CreateContactWithOrganizationTest" name="createContactWithOrganizationTest" time="34.658"/>
  <system-out/>
</testsuite> <!-- VTiger.ContactsTests.CreateContactWithOrganizationTest -->
